[2025-11-25 21:53:21] Starting gold price tracker...
[2025-11-25 21:53:22] Successfully extracted base USD gold price: 4147.60
[2025-11-25 21:53:22] Processing USD...
[2025-11-25 21:53:22] Data saved for USD: 4147.60 / 4149.60
[2025-11-25 21:53:24] Processing EUR...
[2025-11-25 21:53:24] Data saved for EUR: 3589.33 / 3591.33
[2025-11-25 21:53:26] Processing GBP...
[2025-11-25 21:53:26] Data saved for GBP: 3153.83 / 3155.83
[2025-11-25 21:53:28] Processing AUD...
[2025-11-25 21:53:28] Data saved for AUD: 6418.41 / 6420.41
[2025-11-25 21:53:30] Processing CNY...
[2025-11-25 21:53:30] Data saved for CNY: 29386.16 / 29388.16
[2025-11-25 21:53:32] Gold price tracker completed successfully
[2025-11-25 21:53:58] Starting gold price tracker...
[2025-11-25 21:53:59] Successfully extracted base USD gold price: 4147.70
[2025-11-25 21:53:59] Processing USD...
[2025-11-25 21:53:59] Data saved for USD: 4147.70 / 4149.70
[2025-11-25 21:54:01] Processing EUR...
[2025-11-25 21:54:01] Data saved for EUR: 3589.42 / 3591.42
[2025-11-25 21:54:03] Processing GBP...
[2025-11-25 21:54:03] Data saved for GBP: 3153.50 / 3155.50
[2025-11-25 21:54:05] Processing AUD...
[2025-11-25 21:54:05] Data saved for AUD: 6418.15 / 6420.15
[2025-11-25 21:54:07] Processing CNY...
[2025-11-25 21:54:08] Data saved for CNY: 29387.28 / 29389.28
[2025-11-25 21:54:10] Gold price tracker completed successfully
[2025-11-25 21:54:49] Starting gold price tracker...
[2025-11-25 21:54:50] Successfully extracted base USD gold price: 4148.40
[2025-11-25 21:54:50] Processing USD...
[2025-11-25 21:54:50] Data saved for USD: 4148.40 / 4150.40
[2025-11-25 21:54:52] Processing EUR...
[2025-11-25 21:54:52] Data saved for EUR: 3590.03 / 3592.03
[2025-11-25 21:54:54] Processing GBP...
[2025-11-25 21:54:54] Data saved for GBP: 3154.03 / 3156.03
[2025-11-25 21:54:56] Processing AUD...
[2025-11-25 21:54:56] Data saved for AUD: 6417.57 / 6419.57
[2025-11-25 21:54:58] Processing CNY...
[2025-11-25 21:54:58] Data saved for CNY: 29392.66 / 29394.66
[2025-11-25 21:55:01] Gold price tracker completed successfully
[2025-11-25 21:55:36] Starting gold price tracker...
[2025-11-25 21:55:37] Successfully extracted base USD gold price: 4148.50
[2025-11-25 21:55:37] Processing USD...
[2025-11-25 21:55:37] Data saved for USD: 4148.50 / 4150.50
[2025-11-25 21:55:39] Processing EUR...
[2025-11-25 21:55:39] Data saved for EUR: 3589.70 / 3591.70
[2025-11-25 21:55:41] Processing GBP...
[2025-11-25 21:55:41] Data saved for GBP: 3153.69 / 3155.69
[2025-11-25 21:55:43] Processing AUD...
[2025-11-25 21:55:43] Data saved for AUD: 6418.56 / 6420.56
[2025-11-25 21:55:45] Processing CNY...
[2025-11-25 21:55:45] Data saved for CNY: 29391.71 / 29393.71
[2025-11-25 21:55:47] Gold price tracker completed successfully
[2025-11-25 21:57:33] Starting gold price tracker...
[2025-11-25 21:57:34] Successfully extracted base USD gold price: 4147.40
[2025-11-25 21:57:34] Processing USD...
[2025-11-25 21:57:34] Data saved for USD: 4147.40 / 4149.40
[2025-11-25 21:57:36] Processing EUR...
[2025-11-25 21:57:36] Data saved for EUR: 3588.75 / 3590.75
[2025-11-25 21:57:38] Processing GBP...
[2025-11-25 21:57:38] Data saved for GBP: 3152.85 / 3154.85
[2025-11-25 21:57:40] Processing AUD...
[2025-11-25 21:57:40] Data saved for AUD: 6419.35 / 6421.35
[2025-11-25 21:57:42] Processing CNY...
[2025-11-25 21:57:42] Data saved for CNY: 29383.91 / 29385.91
[2025-11-25 21:57:44] Gold price tracker completed successfully
