SKIPPED INSERT — Invalid (0) price for USD
Scrapper completed successfully → USD | NY=2025-12-10 11:02:02 | MY=2025-12-11 00:02:02
Scrapper completed successfully → EUR | NY=2025-12-10 11:02:02 | MY=2025-12-11 00:02:02
Scrapper completed successfully → GBP | NY=2025-12-10 11:02:02 | MY=2025-12-11 00:02:02
Scrapper completed successfully → AUD | NY=2025-12-10 11:02:02 | MY=2025-12-11 00:02:02
Scrapper completed successfully → CNY | NY=2025-12-10 11:02:02 | MY=2025-12-11 00:02:02
SKIPPED INSERT — Invalid (0) price for USD
Scrapper completed successfully → USD | NY=2025-12-10 13:02:03 | MY=2025-12-11 02:02:03
Scrapper completed successfully → EUR | NY=2025-12-10 13:02:03 | MY=2025-12-11 02:02:03
Scrapper completed successfully → GBP | NY=2025-12-10 13:02:03 | MY=2025-12-11 02:02:03
Scrapper completed successfully → AUD | NY=2025-12-10 13:02:03 | MY=2025-12-11 02:02:03
Scrapper completed successfully → CNY | NY=2025-12-10 13:02:03 | MY=2025-12-11 02:02:03
SKIPPED INSERT — Invalid (0) price for USD
Scrapper completed successfully → USD | NY=2025-12-10 21:02:02 | MY=2025-12-11 10:02:02
Scrapper completed successfully → EUR | NY=2025-12-10 21:02:02 | MY=2025-12-11 10:02:02
Scrapper completed successfully → GBP | NY=2025-12-10 21:02:02 | MY=2025-12-11 10:02:02
Scrapper completed successfully → AUD | NY=2025-12-10 21:02:02 | MY=2025-12-11 10:02:02
Scrapper completed successfully → CNY | NY=2025-12-10 21:02:02 | MY=2025-12-11 10:02:02
SKIPPED INSERT — Invalid (0) price for USD
Scrapper completed successfully → USD | NY=2025-12-10 22:02:03 | MY=2025-12-11 11:02:03
Scrapper completed successfully → EUR | NY=2025-12-10 22:02:03 | MY=2025-12-11 11:02:03
Scrapper completed successfully → GBP | NY=2025-12-10 22:02:03 | MY=2025-12-11 11:02:03
Scrapper completed successfully → AUD | NY=2025-12-10 22:02:03 | MY=2025-12-11 11:02:03
Scrapper completed successfully → CNY | NY=2025-12-10 22:02:03 | MY=2025-12-11 11:02:03
SKIPPED INSERT — Invalid (0) price for USD
Scrapper completed successfully → USD | NY=2025-12-10 23:02:03 | MY=2025-12-11 12:02:03
Scrapper completed successfully → EUR | NY=2025-12-10 23:02:03 | MY=2025-12-11 12:02:03
Scrapper completed successfully → GBP | NY=2025-12-10 23:02:03 | MY=2025-12-11 12:02:03
Scrapper completed successfully → AUD | NY=2025-12-10 23:02:03 | MY=2025-12-11 12:02:03
Scrapper completed successfully → CNY | NY=2025-12-10 23:02:03 | MY=2025-12-11 12:02:03
SKIPPED INSERT — Invalid (0) price for USD
Scrapper completed successfully → USD | NY=2025-12-11 00:02:03 | MY=2025-12-11 13:02:03
Scrapper completed successfully → EUR | NY=2025-12-11 00:02:03 | MY=2025-12-11 13:02:03
Scrapper completed successfully → GBP | NY=2025-12-11 00:02:03 | MY=2025-12-11 13:02:03
Scrapper completed successfully → AUD | NY=2025-12-11 00:02:03 | MY=2025-12-11 13:02:03
Scrapper completed successfully → CNY | NY=2025-12-11 00:02:03 | MY=2025-12-11 13:02:03
SKIPPED INSERT — Invalid (0) price for USD
Scrapper completed successfully → USD | NY=2025-12-11 01:02:03 | MY=2025-12-11 14:02:03
Scrapper completed successfully → EUR | NY=2025-12-11 01:02:03 | MY=2025-12-11 14:02:03
Scrapper completed successfully → GBP | NY=2025-12-11 01:02:03 | MY=2025-12-11 14:02:03
Scrapper completed successfully → AUD | NY=2025-12-11 01:02:03 | MY=2025-12-11 14:02:03
Scrapper completed successfully → CNY | NY=2025-12-11 01:02:03 | MY=2025-12-11 14:02:03
SKIPPED INSERT — Invalid (0) price for USD
Scrapper completed successfully → USD | NY=2025-12-11 02:02:03 | MY=2025-12-11 15:02:03
Scrapper completed successfully → EUR | NY=2025-12-11 02:02:03 | MY=2025-12-11 15:02:03
Scrapper completed successfully → GBP | NY=2025-12-11 02:02:03 | MY=2025-12-11 15:02:03
Scrapper completed successfully → AUD | NY=2025-12-11 02:02:03 | MY=2025-12-11 15:02:03
Scrapper completed successfully → CNY | NY=2025-12-11 02:02:03 | MY=2025-12-11 15:02:03
SKIPPED INSERT — Invalid (0) price for USD
Scrapper completed successfully → USD | NY=2025-12-11 03:02:02 | MY=2025-12-11 16:02:02
Scrapper completed successfully → EUR | NY=2025-12-11 03:02:02 | MY=2025-12-11 16:02:02
Scrapper completed successfully → GBP | NY=2025-12-11 03:02:02 | MY=2025-12-11 16:02:02
Scrapper completed successfully → AUD | NY=2025-12-11 03:02:02 | MY=2025-12-11 16:02:02
Scrapper completed successfully → CNY | NY=2025-12-11 03:02:02 | MY=2025-12-11 16:02:02
SKIPPED INSERT — Invalid (0) price for USD
Scrapper completed successfully → USD | NY=2025-12-11 05:02:04 | MY=2025-12-11 18:02:04
Scrapper completed successfully → EUR | NY=2025-12-11 05:02:04 | MY=2025-12-11 18:02:04
Scrapper completed successfully → GBP | NY=2025-12-11 05:02:04 | MY=2025-12-11 18:02:04
Scrapper completed successfully → AUD | NY=2025-12-11 05:02:04 | MY=2025-12-11 18:02:04
Scrapper completed successfully → CNY | NY=2025-12-11 05:02:04 | MY=2025-12-11 18:02:04
